[2017-08-31 12:55:19] alias_delete_execute
alias_delete_execute () 
{ 
    for _path in "$rvm_rubies_path" "$rvm_environments_path" "$rvm_wrappers_path";
    do
        if [[ -L "$_path/$1" ]]; then
            \command \rm -fv "$_path/$1" || return $?;
        fi;
    done;
    __rvm_db_ "$rvm_path/config/alias" "$1" "delete";
    alias_after_delete_default "$1" || return $?
}
current path: /home/ubuntu
GEM_HOME=/usr/local/rvm/gems/ruby-2.4.0
PATH=/usr/local/rvm/gems/ruby-2.4.0/bin:/usr/local/rvm/gems/ruby-2.4.0@global/bin:/usr/local/rvm/rubies/ruby-2.4.0/bin:/usr/local/rvm/bin:/home/ubuntu/.nvm/versions/node/v6.11.2/bin:/usr/local/sbin:/usr/local/bin:/usr/sbin:/usr/bin:/sbin:/bin:/snap/bin
GEM_PATH=/usr/local/rvm/gems/ruby-2.4.0:/usr/local/rvm/gems/ruby-2.4.0@global
command(2): alias_delete_execute default
+ for _path in '"$rvm_rubies_path"' '"$rvm_environments_path"' '"$rvm_wrappers_path"'
+ [[ -L /usr/local/rvm/rubies/default ]]
+ command rm -fv /usr/local/rvm/rubies/default
+ rm -fv /usr/local/rvm/rubies/default
removed '/usr/local/rvm/rubies/default'
+ for _path in '"$rvm_rubies_path"' '"$rvm_environments_path"' '"$rvm_wrappers_path"'
+ [[ -L /usr/local/rvm/environments/default ]]
+ command rm -fv /usr/local/rvm/environments/default
+ rm -fv /usr/local/rvm/environments/default
removed '/usr/local/rvm/environments/default'
+ for _path in '"$rvm_rubies_path"' '"$rvm_environments_path"' '"$rvm_wrappers_path"'
+ [[ -L /usr/local/rvm/wrappers/default ]]
+ command rm -fv /usr/local/rvm/wrappers/default
+ rm -fv /usr/local/rvm/wrappers/default
removed '/usr/local/rvm/wrappers/default'
+ __rvm_db_ /usr/local/rvm/config/alias default delete
+ typeset __db __key __value
+ __db=/usr/local/rvm/config/alias
+ __key=default
+ shift 2
+ __value=delete
+ case "${__value}" in
+ __rvm_db_remove /usr/local/rvm/config/alias default
+ [[ -f /usr/local/rvm/config/alias ]]
+ __rvm_sed -e '\#^default=# d' -e '/^$/d' /usr/local/rvm/config/alias
+ sed -e '\#^default=# d' -e '/^$/d' /usr/local/rvm/config/alias
+ command mv -f /usr/local/rvm/config/alias.new /usr/local/rvm/config/alias
+ mv -f /usr/local/rvm/config/alias.new /usr/local/rvm/config/alias
+ alias_after_delete_default default
+ [[ default == \d\e\f\a\u\l\t ]]
+ for _path in '"$rvm_bin_path"/default_*'
+ [[ -f /usr/local/rvm/bin/default_* ]]
+ _path='/usr/local/rvm/bin/default_*'
+ [[ -f /usr/local/rvm/bin/default_* ]]
+ for _path in '"$rvm_path"/wrappers/default/*' gem irb erb ri rdoc testrb rake ruby bundle
+ _path='*'
+ command rm -fv '/usr/local/rvm/bin/*'
+ rm -fv '/usr/local/rvm/bin/*'
+ for _path in '"$rvm_path"/wrappers/default/*' gem irb erb ri rdoc testrb rake ruby bundle
+ _path=gem
+ command rm -fv /usr/local/rvm/bin/gem
+ rm -fv /usr/local/rvm/bin/gem
+ for _path in '"$rvm_path"/wrappers/default/*' gem irb erb ri rdoc testrb rake ruby bundle
+ _path=irb
+ command rm -fv /usr/local/rvm/bin/irb
+ rm -fv /usr/local/rvm/bin/irb
+ for _path in '"$rvm_path"/wrappers/default/*' gem irb erb ri rdoc testrb rake ruby bundle
+ _path=erb
+ command rm -fv /usr/local/rvm/bin/erb
+ rm -fv /usr/local/rvm/bin/erb
+ for _path in '"$rvm_path"/wrappers/default/*' gem irb erb ri rdoc testrb rake ruby bundle
+ _path=ri
+ command rm -fv /usr/local/rvm/bin/ri
+ rm -fv /usr/local/rvm/bin/ri
+ for _path in '"$rvm_path"/wrappers/default/*' gem irb erb ri rdoc testrb rake ruby bundle
+ _path=rdoc
+ command rm -fv /usr/local/rvm/bin/rdoc
+ rm -fv /usr/local/rvm/bin/rdoc
+ for _path in '"$rvm_path"/wrappers/default/*' gem irb erb ri rdoc testrb rake ruby bundle
+ _path=testrb
+ command rm -fv /usr/local/rvm/bin/testrb
+ rm -fv /usr/local/rvm/bin/testrb
+ for _path in '"$rvm_path"/wrappers/default/*' gem irb erb ri rdoc testrb rake ruby bundle
+ _path=rake
+ command rm -fv /usr/local/rvm/bin/rake
+ rm -fv /usr/local/rvm/bin/rake
+ for _path in '"$rvm_path"/wrappers/default/*' gem irb erb ri rdoc testrb rake ruby bundle
+ _path=ruby
+ command rm -fv /usr/local/rvm/bin/ruby
+ rm -fv /usr/local/rvm/bin/ruby
+ for _path in '"$rvm_path"/wrappers/default/*' gem irb erb ri rdoc testrb rake ruby bundle
+ _path=bundle
+ command rm -fv /usr/local/rvm/bin/bundle
+ rm -fv /usr/local/rvm/bin/bundle
