[2017-08-31 12:55:19] alias_create_execute
alias_create_execute () 
{ 
    for _path in "$rvm_rubies_path" "$rvm_environments_path" "$rvm_wrappers_path";
    do
        if [[ -L "$_path/$alias_name" ]]; then
            \command \rm -fv "$_path/$alias_name" || return $?;
        fi;
        \command \ln -fs "$_path/$rvm_ruby_string" "$_path/$alias_name" || return $?;
    done;
    __rvm_db_ "$rvm_path/config/alias" "$alias_name" "$rvm_ruby_string"
}
current path: /home/ubuntu
GEM_HOME=/usr/local/rvm/gems/ruby-2.4.0
PATH=/usr/local/rvm/gems/ruby-2.4.0/bin:/usr/local/rvm/gems/ruby-2.4.0@global/bin:/usr/local/rvm/rubies/ruby-2.4.0/bin:/usr/local/rvm/bin:/home/ubuntu/.nvm/versions/node/v6.11.2/bin:/usr/local/sbin:/usr/local/bin:/usr/sbin:/usr/bin:/sbin:/bin:/snap/bin
GEM_PATH=/usr/local/rvm/gems/ruby-2.4.0:/usr/local/rvm/gems/ruby-2.4.0@global
command(1): alias_create_execute
+ for _path in '"$rvm_rubies_path"' '"$rvm_environments_path"' '"$rvm_wrappers_path"'
+ [[ -L /usr/local/rvm/rubies/default ]]
+ command ln -fs /usr/local/rvm/rubies/ruby-2.4.0 /usr/local/rvm/rubies/default
+ ln -fs /usr/local/rvm/rubies/ruby-2.4.0 /usr/local/rvm/rubies/default
+ for _path in '"$rvm_rubies_path"' '"$rvm_environments_path"' '"$rvm_wrappers_path"'
+ [[ -L /usr/local/rvm/environments/default ]]
+ command ln -fs /usr/local/rvm/environments/ruby-2.4.0 /usr/local/rvm/environments/default
+ ln -fs /usr/local/rvm/environments/ruby-2.4.0 /usr/local/rvm/environments/default
+ for _path in '"$rvm_rubies_path"' '"$rvm_environments_path"' '"$rvm_wrappers_path"'
+ [[ -L /usr/local/rvm/wrappers/default ]]
+ command ln -fs /usr/local/rvm/wrappers/ruby-2.4.0 /usr/local/rvm/wrappers/default
+ ln -fs /usr/local/rvm/wrappers/ruby-2.4.0 /usr/local/rvm/wrappers/default
+ __rvm_db_ /usr/local/rvm/config/alias default ruby-2.4.0
+ typeset __db __key __value
+ __db=/usr/local/rvm/config/alias
+ __key=default
+ shift 2
+ __value=ruby-2.4.0
+ case "${__value}" in
+ __rvm_db_add /usr/local/rvm/config/alias default ruby-2.4.0
+ typeset __dir=/usr/local/rvm/config
+ [[ -f /usr/local/rvm/config/alias ]]
+ __rvm_db_remove /usr/local/rvm/config/alias default
+ [[ -f /usr/local/rvm/config/alias ]]
+ __rvm_sed -e '\#^default=# d' -e '/^$/d' /usr/local/rvm/config/alias
+ sed -e '\#^default=# d' -e '/^$/d' /usr/local/rvm/config/alias
+ command mv -f /usr/local/rvm/config/alias.new /usr/local/rvm/config/alias
+ mv -f /usr/local/rvm/config/alias.new /usr/local/rvm/config/alias
+ printf '%b=%b\n' default ruby-2.4.0
